<?xml version="1.0" encoding="UTF-8"?>
<!-- Generated by org.testng.reporters.JUnitReportReporter -->
<testsuite hostname="Sathish" failures="0" tests="1" name="codes.writetext$UseDataFromExcel" time="0.000" errors="0" timestamp="2022-04-07T17:24:51 IST" skipped="1">
  <testcase classname="codes.writetext$UseDataFromExcel" name="printTestdata" time="0.000">
    <skipped/>
  </testcase> <!-- printTestdata -->
  <system-out/>
</testsuite> <!-- codes.writetext$UseDataFromExcel -->
