<?xml version="1.0" encoding="UTF-8"?>
<!-- Generated by org.testng.reporters.JUnitReportReporter -->
<testsuite hostname="Sathish" failures="0" tests="1" name="codes.myntra" time="16.920" errors="0" timestamp="2022-03-31T16:30:27 IST" skipped="0">
  <testcase classname="codes.myntra" name="onlinepurchase" time="16.920"/>
  <system-out/>
</testsuite> <!-- codes.myntra -->
