<?xml version="1.0" encoding="UTF-8"?>
<!-- Generated by org.testng.reporters.JUnitReportReporter -->
<testsuite hostname="Sathish" failures="0" tests="1" name="codes.Ajio" time="11.972" errors="0" timestamp="2022-03-29T11:16:04 IST" skipped="0">
  <testcase classname="codes.Ajio" name="ajioonline" time="11.972"/>
  <system-out/>
</testsuite> <!-- codes.Ajio -->
