<?xml version="1.0" encoding="UTF-8"?>
<!-- Generated by org.testng.reporters.JUnitReportReporter -->
<testsuite hostname="Sathish" failures="0" tests="1" name="codes.updatemrs" time="33.695" errors="0" timestamp="2022-04-05T15:58:20 IST" skipped="0">
  <testcase classname="codes.updatemrs" name="update" time="33.695"/>
  <system-out/>
</testsuite> <!-- codes.updatemrs -->
