<?xml version="1.0" encoding="UTF-8"?>
<!-- Generated by org.testng.reporters.JUnitReportReporter -->
<testsuite hostname="Sathish" failures="0" tests="1" name="codes.automationpraticeproperty" time="33.133" errors="0" timestamp="2022-04-05T18:28:01 IST" skipped="0">
  <testcase classname="codes.automationpraticeproperty" name="BaseClass" time="33.133"/>
  <system-out/>
</testsuite> <!-- codes.automationpraticeproperty -->
